<?xml version="1.0" encoding="UTF-8"?>
<testng-results skipped="0" failed="0" total="2" passed="2">
  <reporter-output>
  </reporter-output>
  <suite name="Default suite" duration-ms="205" started-at="2015-12-02T12:25:32Z" finished-at="2015-12-02T12:25:33Z">
    <groups>
    </groups>
    <test name="Default test" duration-ms="205" started-at="2015-12-02T12:25:32Z" finished-at="2015-12-02T12:25:33Z">
      <class name="com.ddf.SuiteOne.SuiteOneCaseOne">
        <test-method status="PASS" signature="checkCaseToRun()[pri:0, instance:com.ddf.SuiteOne.SuiteOneCaseOne@2357d90a]" name="checkCaseToRun" is-config="true" duration-ms="184" started-at="2015-12-02T23:25:32Z" finished-at="2015-12-02T23:25:33Z">
          <reporter-output>
          </reporter-output>
        </test-method> <!-- checkCaseToRun -->
        <test-method status="PASS" signature="SuiteOneCaseOneTest(java.lang.String, java.lang.String, java.lang.String, java.lang.String)[pri:0, instance:com.ddf.SuiteOne.SuiteOneCaseOne@2357d90a]" name="SuiteOneCaseOneTest" duration-ms="4" started-at="2015-12-02T23:25:33Z" data-provider="SuiteOneCaseOneData" finished-at="2015-12-02T23:25:33Z">
          <params>
            <param index="0">
              <value>
                <![CDATA[9]]>
              </value>
            </param>
            <param index="1">
              <value>
                <![CDATA[5]]>
              </value>
            </param>
            <param index="2">
              <value>
                <![CDATA[7]]>
              </value>
            </param>
            <param index="3">
              <value>
                <![CDATA[21]]>
              </value>
            </param>
          </params>
          <reporter-output>
          </reporter-output>
        </test-method> <!-- SuiteOneCaseOneTest -->
        <test-method status="PASS" signature="SuiteOneCaseOneTest(java.lang.String, java.lang.String, java.lang.String, java.lang.String)[pri:0, instance:com.ddf.SuiteOne.SuiteOneCaseOne@2357d90a]" name="SuiteOneCaseOneTest" duration-ms="0" started-at="2015-12-02T23:25:33Z" data-provider="SuiteOneCaseOneData" finished-at="2015-12-02T23:25:33Z">
          <params>
            <param index="0">
              <value>
                <![CDATA[3]]>
              </value>
            </param>
            <param index="1">
              <value>
                <![CDATA[7]]>
              </value>
            </param>
            <param index="2">
              <value>
                <![CDATA[3]]>
              </value>
            </param>
            <param index="3">
              <value>
                <![CDATA[13]]>
              </value>
            </param>
          </params>
          <reporter-output>
          </reporter-output>
        </test-method> <!-- SuiteOneCaseOneTest -->
      </class> <!-- com.ddf.SuiteOne.SuiteOneCaseOne -->
    </test> <!-- Default test -->
  </suite> <!-- Default suite -->
</testng-results>
